android/Letmeknow-Android/app/build/outputs/logs/manifest-merger-debug-report.txt
-- Merging decision tree log ---
manifest
ADDED from src\main\AndroidManifest.xml:2:1-99:12
	package
		ADDED from src\main\AndroidManifest.xml:3:5-33
		INJECTED from src\main\AndroidManifest.xml
		INJECTED from src\main\AndroidManifest.xml
	android:versionName
		INJECTED from src\main\AndroidManifest.xml
		INJECTED from src\main\AndroidManifest.xml
	xmlns:android
		ADDED from src\main\AndroidManifest.xml:2:11-69
	android:versionCode
		INJECTED from src\main\AndroidManifest.xml
		INJECTED from src\main\AndroidManifest.xml
service#com.avos.avoscloud.PushService
ADDED from src\main\AndroidManifest.xml:5:5-62
	android:name
		ADDED from src\main\AndroidManifest.xml:5:14-59
uses-role
ADDED from src\main\AndroidManifest.xml:7:5-69
	android:name
		ADDED from src\main\AndroidManifest.xml:7:16-66
uses-permission#android.permission.CAMERA
ADDED from src\main\AndroidManifest.xml:12:5-65
MERGED from [Letmeknow-Android:libqrcode:unspecified] AndroidManifest.xml:11:5-65
	android:name
		ADDED from src\main\AndroidManifest.xml:12:22-62
uses-feature#android.hardware.camera
ADDED from src\main\AndroidManifest.xml:13:5-60
	android:name
		ADDED from src\main\AndroidManifest.xml:13:19-57
uses-feature#android.hardware.camera.autofocus
ADDED from src\main\AndroidManifest.xml:14:5-69
	android:name
		ADDED from src\main\AndroidManifest.xml:14:19-67
application
ADDED from src\main\AndroidManifest.xml:16:5-97:19
MERGED from [com.android.support.constraint:constraint-layout:1.0.2] AndroidManifest.xml:9:5-20
MERGED from [com.android.support:cardview-v7:25.3.1] AndroidManifest.xml:26:5-20
MERGED from [de.hdodenhof:circleimageview:2.1.0] AndroidManifest.xml:9:5-20
MERGED from [com.github.clans:fab:1.6.4] AndroidManifest.xml:12:5-20
MERGED from [com.github.markushi:circlebutton:1.1] AndroidManifest.xml:9:5-20
MERGED from [com.github.stfalcon:chatkit:0.2.2] AndroidManifest.xml:11:5-13:38
MERGED from [com.android.support:design:25.3.1] AndroidManifest.xml:29:5-20
MERGED from [com.android.support:transition:25.3.1] AndroidManifest.xml:26:5-20
MERGED from [com.github.franmontiel:PersistentCookieJar:v1.0.1] AndroidManifest.xml:12:5-20
MERGED from [com.couchbase.lite:couchbase-lite-android:1.4.0] AndroidManifest.xml:14:5-20
MERGED from [com.couchbase.lite:couchbase-lite-android-sqlite-custom:1.4.0] AndroidManifest.xml:11:5-20
MERGED from [com.bignerdranch.android:recyclerview-multiselect:0.2] AndroidManifest.xml:9:5-20
MERGED from [com.android.support:appcompat-v7:25.3.1] AndroidManifest.xml:29:5-20
MERGED from [com.android.support:animated-vector-drawable:25.3.1] AndroidManifest.xml:26:5-20
MERGED from [com.android.support:support-vector-drawable:25.3.1] AndroidManifest.xml:26:5-20
MERGED from [com.android.support:support-v4:25.3.1] AndroidManifest.xml:29:5-20
MERGED from [com.android.support:support-fragment:25.3.1] AndroidManifest.xml:29:5-20
MERGED from [com.android.support:support-media-compat:25.3.1] AndroidManifest.xml:29:5-20
MERGED from [com.android.support:support-core-ui:25.3.1] AndroidManifest.xml:29:5-20
MERGED from [com.android.support:support-core-utils:25.3.1] AndroidManifest.xml:29:5-20
MERGED from [com.android.support:support-compat:25.3.1] AndroidManifest.xml:29:5-20
MERGED from [Letmeknow-Android:libqrcode:unspecified] AndroidManifest.xml:14:5-18:19
	android:label
		ADDED from src\main\AndroidManifest.xml:20:9-41
	android:supportsRtl
		ADDED from src\main\AndroidManifest.xml:22:9-35
	android:roundIcon
		ADDED from src\main\AndroidManifest.xml:21:9-54
	android:allowBackup
		ADDED from src\main\AndroidManifest.xml:18:9-35
	android:icon
		ADDED from src\main\AndroidManifest.xml:19:9-43
	android:theme
		ADDED from src\main\AndroidManifest.xml:23:9-40
	android:name
		ADDED from src\main\AndroidManifest.xml:17:9-40
activity#org.gocs.letmeknow.activity.SplashActivity
ADDED from src\main\AndroidManifest.xml:24:9-30:20
	android:name
		ADDED from src\main\AndroidManifest.xml:24:19-58
intent-filter#android.intent.action.MAIN+android.intent.category.LAUNCHER
ADDED from src\main\AndroidManifest.xml:25:13-29:29
action#android.intent.action.MAIN
ADDED from src\main\AndroidManifest.xml:26:17-69
	android:name
		ADDED from src\main\AndroidManifest.xml:26:25-66
category#android.intent.category.LAUNCHER
ADDED from src\main\AndroidManifest.xml:28:17-77
	android:name
		ADDED from src\main\AndroidManifest.xml:28:27-74
activity#org.gocs.letmeknow.activity.MainActivity
ADDED from src\main\AndroidManifest.xml:31:9-33:20
	android:name
		ADDED from src\main\AndroidManifest.xml:31:19-56
activity#org.gocs.letmeknow.activity.UserProfileActivity
ADDED from src\main\AndroidManifest.xml:34:9-36:20
	android:name
		ADDED from src\main\AndroidManifest.xml:34:19-63
activity#org.gocs.letmeknow.activity.LoginActivity
ADDED from src\main\AndroidManifest.xml:37:9-39:20
	android:name
		ADDED from src\main\AndroidManifest.xml:37:19-57
activity#org.gocs.letmeknow.activity.SettingActivity
ADDED from src\main\AndroidManifest.xml:40:9-42:20
	android:name
		ADDED from src\main\AndroidManifest.xml:40:19-59
activity#org.gocs.letmeknow.activity.AboutActivity
ADDED from src\main\AndroidManifest.xml:43:9-45:20
	android:name
		ADDED from src\main\AndroidManifest.xml:43:19-57
activity#org.gocs.letmeknow.activity.NotificationDetailActivity
ADDED from src\main\AndroidManifest.xml:46:9-48:20
	android:name
		ADDED from src\main\AndroidManifest.xml:46:19-70
activity#org.gocs.letmeknow.activity.RegisterActivity
ADDED from src\main\AndroidManifest.xml:49:9-51:20
	android:name
		ADDED from src\main\AndroidManifest.xml:49:19-60
activity#org.gocs.letmeknow.activity.CircleInfoActivity
ADDED from src\main\AndroidManifest.xml:52:9-54:20
	android:name
		ADDED from src\main\AndroidManifest.xml:52:19-62
activity#org.gocs.letmeknow.activity.NotificationEditActivity
ADDED from src\main\AndroidManifest.xml:55:9-57:20
	android:name
		ADDED from src\main\AndroidManifest.xml:55:19-68
activity#org.gocs.letmeknow.activity.EditCircleNameActivity
ADDED from src\main\AndroidManifest.xml:58:9-60:20
	android:name
		ADDED from src\main\AndroidManifest.xml:58:19-66
activity#org.gocs.letmeknow.activity.EditCircleIntroductionActivity
ADDED from src\main\AndroidManifest.xml:61:9-63:20
	android:name
		ADDED from src\main\AndroidManifest.xml:61:19-74
activity#org.gocs.letmeknow.activity.QRDiplayActivity
ADDED from src\main\AndroidManifest.xml:64:9-66:20
	android:name
		ADDED from src\main\AndroidManifest.xml:64:19-60
activity#org.gocs.letmeknow.activity.SelectCircleActivity
ADDED from src\main\AndroidManifest.xml:68:9-70:20
	android:name
		ADDED from src\main\AndroidManifest.xml:68:19-64
activity#org.gocs.letmeknow.activity.SelectMemberActivity
ADDED from src\main\AndroidManifest.xml:72:9-74:20
	android:name
		ADDED from src\main\AndroidManifest.xml:72:19-64
receiver#org.gocs.letmeknow.receiver.NotificationReceiver
ADDED from src\main\AndroidManifest.xml:80:9-88:20
	android:name
		ADDED from src\main\AndroidManifest.xml:80:19-64
intent-filter#android.intent.action.BOOT_COMPLETED+android.intent.action.USER_PRESENT+android.net.conn.CONNECTIVITY_CHANGE+com.avos.UPDATE_STATUS+com.gocs.letmeknow.action.NOTIFICATION
ADDED from src\main\AndroidManifest.xml:81:13-87:29
action#android.intent.action.BOOT_COMPLETED
ADDED from src\main\AndroidManifest.xml:82:17-79
	android:name
		ADDED from src\main\AndroidManifest.xml:82:25-76
action#android.intent.action.USER_PRESENT
ADDED from src\main\AndroidManifest.xml:83:17-77
	android:name
		ADDED from src\main\AndroidManifest.xml:83:25-74
action#android.net.conn.CONNECTIVITY_CHANGE
ADDED from src\main\AndroidManifest.xml:84:17-79
	android:name
		ADDED from src\main\AndroidManifest.xml:84:25-76
action#com.avos.UPDATE_STATUS
ADDED from src\main\AndroidManifest.xml:85:17-65
	android:name
		ADDED from src\main\AndroidManifest.xml:85:25-62
action#com.gocs.letmeknow.action.NOTIFICATION
ADDED from src\main\AndroidManifest.xml:86:17-81
	android:name
		ADDED from src\main\AndroidManifest.xml:86:25-78
activity#com.avos.avoscloud.feedback.ThreadActivity
ADDED from src\main\AndroidManifest.xml:92:9-94:20
	android:name
		ADDED from src\main\AndroidManifest.xml:93:13-70
uses-sdk
INJECTED from src\main\AndroidManifest.xml reason: use-sdk injection requested
MERGED from [com.android.support:multidex:1.0.1] AndroidManifest.xml:18:5-42
MERGED from [com.android.support.constraint:constraint-layout:1.0.2] AndroidManifest.xml:5:5-7:41
MERGED from [com.android.support:cardview-v7:25.3.1] AndroidManifest.xml:20:5-43
MERGED from [de.hdodenhof:circleimageview:2.1.0] AndroidManifest.xml:5:5-7:41
MERGED from [com.github.clans:fab:1.6.4] AndroidManifest.xml:8:5-10:41
MERGED from [com.github.markushi:circlebutton:1.1] AndroidManifest.xml:7:5-44
MERGED from [com.jakewharton:butterknife:8.6.0] AndroidManifest.xml:5:5-43
MERGED from [com.github.stfalcon:chatkit:0.2.2] AndroidManifest.xml:7:5-9:41
MERGED from [com.android.support:design:25.3.1] AndroidManifest.xml:21:5-23:62
MERGED from [com.android.support:transition:25.3.1] AndroidManifest.xml:20:5-44
MERGED from [com.google.android:flexbox:0.2.5] AndroidManifest.xml:23:5-25:41
MERGED from [io.reactivex.rxjava2:rxandroid:2.0.1] AndroidManifest.xml:19:5-43
MERGED from [com.github.franmontiel:PersistentCookieJar:v1.0.1] AndroidManifest.xml:8:5-10:41
MERGED from [com.couchbase.lite:couchbase-lite-android:1.4.0] AndroidManifest.xml:7:5-9:41
MERGED from [com.couchbase.lite:couchbase-lite-android-sqlite-custom:1.4.0] AndroidManifest.xml:7:5-9:41
MERGED from [com.bignerdranch.android:recyclerview-multiselect:0.2] AndroidManifest.xml:5:5-7:41
MERGED from [com.android.support:appcompat-v7:25.3.1] AndroidManifest.xml:21:5-23:78
MERGED from [com.android.support:animated-vector-drawable:25.3.1] AndroidManifest.xml:20:5-44
MERGED from [com.android.support:support-vector-drawable:25.3.1] AndroidManifest.xml:20:5-43
MERGED from [com.android.support:recyclerview-v7:25.3.1] AndroidManifest.xml:20:5-43
MERGED from [cn.leancloud.android:avoscloud-push:v4.3.2] AndroidManifest.xml:7:5-9:41
MERGED from [com.android.support:support-v4:25.3.1] AndroidManifest.xml:21:5-23:54
MERGED from [com.android.support:support-fragment:25.3.1] AndroidManifest.xml:21:5-23:60
MERGED from [com.android.support:support-media-compat:25.3.1] AndroidManifest.xml:21:5-23:63
MERGED from [com.android.support:support-core-ui:25.3.1] AndroidManifest.xml:21:5-23:58
MERGED from [com.android.support:support-core-utils:25.3.1] AndroidManifest.xml:21:5-23:61
MERGED from [com.android.support:support-compat:25.3.1] AndroidManifest.xml:21:5-23:58
MERGED from [cn.leancloud.android:avoscloud-feedback:v4.3.2] AndroidManifest.xml:7:5-9:41
MERGED from [Letmeknow-Android:libqrcode:unspecified] AndroidManifest.xml:7:5-9:41
	tools:overrideLibrary
		ADDED from [com.android.support:design:25.3.1] AndroidManifest.xml:23:9-59
	android:targetSdkVersion
		INJECTED from src\main\AndroidManifest.xml
		INJECTED from src\main\AndroidManifest.xml
	android:minSdkVersion
		INJECTED from src\main\AndroidManifest.xml
		INJECTED from src\main\AndroidManifest.xml
meta-data#android.support.VERSION
ADDED from [com.android.support:cardview-v7:25.3.1] AndroidManifest.xml:22:5-24:34
MERGED from [com.android.support:design:25.3.1] AndroidManifest.xml:25:5-27:34
MERGED from [com.android.support:transition:25.3.1] AndroidManifest.xml:22:5-24:34
MERGED from [com.android.support:appcompat-v7:25.3.1] AndroidManifest.xml:25:5-27:34
MERGED from [com.android.support:animated-vector-drawable:25.3.1] AndroidManifest.xml:22:5-24:34
MERGED from [com.android.support:support-vector-drawable:25.3.1] AndroidManifest.xml:22:5-24:34
MERGED from [com.android.support:recyclerview-v7:25.3.1] AndroidManifest.xml:22:5-24:34
MERGED from [com.android.support:support-v4:25.3.1] AndroidManifest.xml:25:5-27:34
MERGED from [com.android.support:support-fragment:25.3.1] AndroidManifest.xml:25:5-27:34
MERGED from [com.android.support:support-media-compat:25.3.1] AndroidManifest.xml:25:5-27:34
MERGED from [com.android.support:support-core-ui:25.3.1] AndroidManifest.xml:25:5-27:34
MERGED from [com.android.support:support-core-utils:25.3.1] AndroidManifest.xml:25:5-27:34
MERGED from [com.android.support:support-compat:25.3.1] AndroidManifest.xml:25:5-27:34
	android:value
		ADDED from [com.android.support:cardview-v7:25.3.1] AndroidManifest.xml:24:9-31
	android:name
		ADDED from [com.android.support:cardview-v7:25.3.1] AndroidManifest.xml:23:9-47
uses-permission#android.permission.INTERNET
ADDED from [com.couchbase.lite:couchbase-lite-android:1.4.0] AndroidManifest.xml:11:5-67
	android:name
		ADDED from [com.couchbase.lite:couchbase-lite-android:1.4.0] AndroidManifest.xml:11:22-64
uses-permission#android.permission.ACCESS_NETWORK_STATE
ADDED from [com.couchbase.lite:couchbase-lite-android:1.4.0] AndroidManifest.xml:12:5-79
	android:name
		ADDED from [com.couchbase.lite:couchbase-lite-android:1.4.0] AndroidManifest.xml:12:22-76
uses-permission#android.permission.VIBRATE
ADDED from [Letmeknow-Android:libqrcode:unspecified] AndroidManifest.xml:12:5-66
	android:name
		ADDED from [Letmeknow-Android:libqrcode:unspecified] AndroidManifest.xml:12:22-63
activity#com.xys.libzxing.zxing.activity.CaptureActivity
ADDED from [Letmeknow-Android:libqrcode:unspecified] AndroidManifest.xml:17:9-84
	android:name
		ADDED from [Letmeknow-Android:libqrcode:unspecified] AndroidManifest.xml:17:19-81